Using pre-set license
Built from '2020.3/release' branch; Version is '2020.3.7f1 (dd97f2c94397) revision 14522354'; Using compiler version '192528614'; Build Type 'Release'
OS: 'Windows 10 Home; OS build 19043.1288; Version 2009; 64bit' Language: 'en' Physical Memory: 7880 MB
BatchMode: 1, IsHumanControllingUs: 0, StartBugReporterOnCrash: 0, Is64bit: 1, IsPro: 0

 COMMAND LINE ARGUMENTS:
C:\Users\Lachl\Unity\2020.3.7f1\Editor\Unity.exe
-adb2
-batchMode
-noUpm
-name
AssetImportWorker0
-projectPath
C:/Users/Lachl/OneDrive/Documents/GitHub/Shared-Unity-Editor-Project
-logFile
Logs/AssetImportWorker0.log
-srvPort
54516
Successfully changed project path to: C:/Users/Lachl/OneDrive/Documents/GitHub/Shared-Unity-Editor-Project
C:/Users/Lachl/OneDrive/Documents/GitHub/Shared-Unity-Editor-Project
Using Asset Import Pipeline V2.
Refreshing native plugins compatible for Editor in 106.66 ms, found 2 plugins.
Preloading 0 native plugins for Editor in 0.00 ms.
Initialize engine version: 2020.3.7f1 (dd97f2c94397)
[Subsystems] Discovering subsystems at path C:/Users/Lachl/Unity/2020.3.7f1/Editor/Data/Resources/UnitySubsystems
[Subsystems] Discovering subsystems at path C:/Users/Lachl/OneDrive/Documents/GitHub/Shared-Unity-Editor-Project/Assets
GfxDevice: creating device client; threaded=0
Direct3D:
    Version:  Direct3D 11.0 [level 11.1]
    Renderer: Intel(R) Iris(R) Plus Graphics (ID=0x8a52)
    Vendor:   
    VRAM:     3940 MB
    Driver:   27.20.100.8681
Initialize mono
Mono path[0] = 'C:/Users/Lachl/Unity/2020.3.7f1/Editor/Data/Managed'
Mono path[1] = 'C:/Users/Lachl/Unity/2020.3.7f1/Editor/Data/MonoBleedingEdge/lib/mono/unityjit'
Mono config path = 'C:/Users/Lachl/Unity/2020.3.7f1/Editor/Data/MonoBleedingEdge/etc'
Using monoOptions --debugger-agent=transport=dt_socket,embedding=1,server=y,suspend=n,address=127.0.0.1:56420
Begin MonoManager ReloadAssembly
Registering precompiled unity dll's ...
Register platform support module: C:/Users/Lachl/Unity/2020.3.7f1/Editor/Data/PlaybackEngines/WebGLSupport/UnityEditor.WebGL.Extensions.dll
Register platform support module: C:/Users/Lachl/Unity/2020.3.7f1/Editor/Data/PlaybackEngines/WindowsStandaloneSupport/UnityEditor.WindowsStandalone.Extensions.dll
Registered in 0.003596 seconds.
Native extension for WindowsStandalone target not found
Native extension for WebGL target not found
Refreshing native plugins compatible for Editor in 86.01 ms, found 2 plugins.
Preloading 0 native plugins for Editor in 0.00 ms.
Mono: successfully reloaded assembly
- Completed reload, in  2.036 seconds
Platform modules already initialized, skipping
Registering precompiled user dll's ...
Registered in 0.008713 seconds.
Begin MonoManager ReloadAssembly
Native extension for WindowsStandalone target not found
Native extension for WebGL target not found
Refreshing native plugins compatible for Editor in 1.16 ms, found 2 plugins.
Preloading 0 native plugins for Editor in 0.00 ms.
Mono: successfully reloaded assembly
- Completed reload, in  1.759 seconds
Platform modules already initialized, skipping
========================================================================
Worker process is ready to serve import requests
Launched and connected shader compiler UnityShaderCompiler.exe after 0.07 seconds
Refreshing native plugins compatible for Editor in 1.17 ms, found 2 plugins.
Preloading 0 native plugins for Editor in 0.00 ms.
Unloading 2250 Unused Serialized files (Serialized files now loaded: 0)
System memory in use before: 95.0 MB.
System memory in use after: 95.1 MB.

Unloading 58 unused Assets to reduce memory usage. Loaded Objects now: 2654.
Total: 7.446900 ms (FindLiveObjects: 0.511700 ms CreateObjectMapping: 0.284600 ms MarkObjects: 6.547600 ms  DeleteObjects: 0.097500 ms)

========================================================================
Received Import Request.
  path: Assets/Scripts/Scenes/SpikeStairs.unity
  artifactKey: Guid(919d46bedc7310744b2149806f402247) Importer(815301076,1909f56bfc062723c751e8b465ee728b)
Start importing Assets/Scripts/Scenes/SpikeStairs.unity using Guid(919d46bedc7310744b2149806f402247) Importer(815301076,1909f56bfc062723c751e8b465ee728b)  -> (artifact id: 'f082d5f872a334b0d4d77abfb8eeb6a7') in 0.028199 seconds
  Import took 0.034743 seconds .

========================================================================
Received Import Request.
  Time since last request: 2.250008 seconds.
  path: Assets/Prefabs/BombTower.prefab
  artifactKey: Guid(e2ec399d12e546248b24fc558a3641c1) Importer(815301076,1909f56bfc062723c751e8b465ee728b)
Start importing Assets/Prefabs/BombTower.prefab using Guid(e2ec399d12e546248b24fc558a3641c1) Importer(815301076,1909f56bfc062723c751e8b465ee728b)  -> (artifact id: '850412f493dbd26ad3ee6dbc4b67c263') in 0.221551 seconds
  Import took 0.230496 seconds .

========================================================================
Received Import Request.
  Time since last request: 0.000280 seconds.
  path: Assets/Prefabs/broken wall (-x).prefab
  artifactKey: Guid(6a7800579e3c9f74eb1a52bfd5021d24) Importer(815301076,1909f56bfc062723c751e8b465ee728b)
Start importing Assets/Prefabs/broken wall (-x).prefab using Guid(6a7800579e3c9f74eb1a52bfd5021d24) Importer(815301076,1909f56bfc062723c751e8b465ee728b)  -> (artifact id: '26a1a1a1f2574dbd87c6eec30778723b') in 0.070447 seconds
  Import took 0.078998 seconds .

========================================================================
Received Prepare
Refreshing native plugins compatible for Editor in 16.97 ms, found 2 plugins.
Preloading 0 native plugins for Editor in 0.00 ms.
Unloading 47 Unused Serialized files (Serialized files now loaded: 0)
System memory in use before: 54.5 MB.
System memory in use after: 54.6 MB.

Unloading 47 unused Assets to reduce memory usage. Loaded Objects now: 2661.
Total: 6.956600 ms (FindLiveObjects: 0.511800 ms CreateObjectMapping: 0.625300 ms MarkObjects: 5.778600 ms  DeleteObjects: 0.038300 ms)

AssetImportWorkerClient::OnTransportError - code=2 error=End of file
